<testData>

<test name="">

</test>


</testData>