<testData>

<!-- 
    <test name="s1">
        <input>
3
0 1000000000
1000000000 1000000000
1000000000 0
        </input>
        <output>
            3414213562.37309500000


        </output>
    </test>
 -->
     
    
<test name="testDiag"> 
    <input> 
6
7 1 8 2
6 2 6 3
1 7 2 11
3 5 4 5
2 5 3 6
5 4 5 4
    </input> 
    <output> 

    </output> 
</test>
    
    
     
</testData>