<testData>

<test name="">

</test>

<test name="s1">
5 4
....
#..#
#xx#
#oo#
#..#
</test>
<test name="s2">

</test>

<test name="s3">

</test>

<test name="s4">

</test>

<test name="s5">

</test>

</testData>