<testData>

<test name="">

</test>

<test name="s1">
5 4
....
#..#
#xx#
#oo#
#..#
</test>
<test name="s2">
7 7
.######
.x....#
.x....#
..#oo.#
..#...#
.######
.######
</test>

<test name="s2_b">
3 7
.######
.x..o.#
.x..o.#
</test>

<test name="s3">
7 7
#######
#x....#
#xx.o.#
#..oo.#
#.#...#
#######
#######
</test>

<test name="s4">

4 10
##########
#.x...o..#
#.x...o..#
##########
</test>

<test name="s5">

7 7
#######
#x....#
#x..o.#
#x#oo.#
#.#...#
#######
#######
</test>


<test name="s6">

3 4
.#x.
.oww
....
</test>

</testData>