<testData>

<test name="">

</test>

<test name="s1">

</test>
<test name="s2">
a+e+i+o+u 3
4
apple
orange
watermelon
banana
</test>

<test name="s3">

</test>

<test name="s4">

</test>

<test name="s5">

</test>

</testData>