<?xml version="1.0" encoding="utf-8" standalone="no"?>
<!--This file represents the results of running a test suite-->
<test-results name="C:\codejam\CodeJam\2013\Solution\UnitTest\bin\x64\Debug\UnitTest.dll" total="3" errors="0" failures="0" not-run="0" inconclusive="0" ignored="0" skipped="0" invalid="0" date="2014-05-13" time="21:18:14">
  <environment nunit-version="2.6.3.13283" clr-version="4.0.30319.18444" os-version="Microsoft Windows NT 6.1.7601 Service Pack 1" platform="Win32NT" cwd="C:\codejam\CodeJam\2013\Solution\Round3" machine-name="THRESH-PC" user="thresh" user-domain="thresh-PC" />
  <culture-info current-culture="fr-FR" current-uiculture="fr-FR" />
  <test-suite type="Assembly" name="C:\codejam\CodeJam\2013\Solution\UnitTest\bin\x64\Debug\UnitTest.dll" executed="True" result="Success" success="True" time="0.095" asserts="0">
    <results>
      <test-suite type="Namespace" name="UnitTest" executed="True" result="Success" success="True" time="0.078" asserts="0">
        <results>
          <test-suite type="TestFixture" name="TestLost" executed="True" result="Success" success="True" time="0.075" asserts="0">
            <results>
              <test-suite type="ParameterizedTest" name="runMain" executed="True" result="Success" success="True" time="0.061" asserts="0">
                <results>
                  <test-case name="UnitTest.TestLost.TestLostSample1" description="A description" executed="True" result="Success" success="True" time="0.048" asserts="1" />
                  <test-case name="UnitTest.TestLost.TestLostSample3" description="A description" executed="True" result="Success" success="True" time="0.000" asserts="1" />
                  <test-case name="UnitTest.TestLost.TestLostSample2" description="A description" executed="True" result="Success" success="True" time="0.000" asserts="1" />
                </results>
              </test-suite>
            </results>
          </test-suite>
        </results>
      </test-suite>
    </results>
  </test-suite>
</test-results>