<?xml version="1.0" encoding="utf-8" standalone="no"?>
<!--This file represents the results of running a test suite-->
<test-results name="C:\codejam\CodeJam\2013\Solution\UnitTest\bin\x64\Release\UnitTest.dll" total="11" errors="0" failures="0" not-run="0" inconclusive="0" ignored="0" skipped="0" invalid="0" date="2014-05-14" time="22:16:12">
  <environment nunit-version="2.6.3.13283" clr-version="2.0.50727.5477" os-version="Microsoft Windows NT 6.1.7601 Service Pack 1" platform="Win32NT" cwd="C:\codejam\CodeJam\2013\Solution" machine-name="THRESH-PC" user="thresh" user-domain="thresh-PC" />
  <culture-info current-culture="fr-FR" current-uiculture="fr-FR" />
  <test-suite type="Assembly" name="C:\codejam\CodeJam\2013\Solution\UnitTest\bin\x64\Release\UnitTest.dll" executed="True" result="Success" success="True" time="6.027" asserts="0">
    <results>
      <test-suite type="Namespace" name="UnitTest" executed="True" result="Success" success="True" time="6.012" asserts="0">
        <results>
          <test-suite type="TestFixture" name="TestRunner" executed="True" result="Success" success="True" time="6.009" asserts="0">
            <results>
              <test-suite type="ParameterizedTest" name="runMain" executed="True" result="Success" success="True" time="0.058" asserts="0">
                <results>
                  <test-case name="UnitTest.TestRunner.TestLostSample1" description="A description" executed="True" result="Success" success="True" time="0.045" asserts="1" />
                  <test-case name="UnitTest.TestRunner.TestLostSample3" description="A description" executed="True" result="Success" success="True" time="0.000" asserts="1" />
                  <test-case name="UnitTest.TestRunner.TestLostSample2" description="A description" executed="True" result="Success" success="True" time="0.000" asserts="1" />
                </results>
              </test-suite>
              <test-suite type="ParameterizedTest" name="runTestFile" executed="True" result="Success" success="True" time="5.940" asserts="0">
                <results>
                  <test-case name="UnitTest.TestRunner.Round1B.Osmos, Round1B : processInput : A-small-practice.in" description="Class Round1B.Osmos, Round1B&#xA;Method processInput &#xA;input file A-small-practice.in" executed="True" result="Success" success="True" time="0.047" asserts="100">
                    <reason>
                      <message><![CDATA[Warning: Test changed the CurrentDirectory]]></message>
                    </reason>
                  </test-case>
                  <test-case name="UnitTest.TestRunner.Round1B.Osmos, Round1B : processInput : A-large-practice.in" description="Class Round1B.Osmos, Round1B&#xA;Method processInput &#xA;input file A-large-practice.in" executed="True" result="Success" success="True" time="0.125" asserts="100">
                    <reason>
                      <message><![CDATA[Warning: Test changed the CurrentDirectory]]></message>
                    </reason>
                  </test-case>
                  <test-case name="UnitTest.TestRunner.Round1B_P2.Diamond, Round1B : processInput : B-small-practice.in" description="Class Round1B_P2.Diamond, Round1B&#xA;Method processInput &#xA;input file B-small-practice.in" executed="True" result="Success" success="True" time="0.055" asserts="100">
                    <reason>
                      <message><![CDATA[Warning: Test changed the CurrentDirectory]]></message>
                    </reason>
                  </test-case>
                  <test-case name="UnitTest.TestRunner.Round1B_P2.Diamond, Round1B : processInput : B-large-practice.in" description="Class Round1B_P2.Diamond, Round1B&#xA;Method processInput &#xA;input file B-large-practice.in" executed="True" result="Success" success="True" time="0.040" asserts="100">
                    <reason>
                      <message><![CDATA[Warning: Test changed the CurrentDirectory]]></message>
                    </reason>
                  </test-case>
                  <test-case name="UnitTest.TestRunner.Round1B_P2.Diamond, Round1B : processInputSlow : B-small-practice.in" description="Class Round1B_P2.Diamond, Round1B&#xA;Method processInputSlow &#xA;input file B-small-practice.in" executed="True" result="Success" success="True" time="0.048" asserts="100">
                    <reason>
                      <message><![CDATA[Warning: Test changed the CurrentDirectory]]></message>
                    </reason>
                  </test-case>
                  <test-case name="UnitTest.TestRunner.Round1B_P2.Diamond, Round1B : processInputSlow : B-large-practice.in" description="Class Round1B_P2.Diamond, Round1B&#xA;Method processInputSlow &#xA;input file B-large-practice.in" executed="True" result="Success" success="True" time="1.628" asserts="100">
                    <reason>
                      <message><![CDATA[Warning: Test changed the CurrentDirectory]]></message>
                    </reason>
                  </test-case>
                  <test-case name="UnitTest.TestRunner.Round1B_P3.GarbledEmail, Round1B : processInput : C-small-practice.in" description="Class Round1B_P3.GarbledEmail, Round1B&#xA;Method processInput &#xA;input file C-small-practice.in" executed="True" result="Success" success="True" time="1.218" asserts="20">
                    <reason>
                      <message><![CDATA[Warning: Test changed the CurrentDirectory]]></message>
                    </reason>
                  </test-case>
                  <test-case name="UnitTest.TestRunner.Round1B_P3.GarbledEmail, Round1B : processInput : C-large-practice.in" description="Class Round1B_P3.GarbledEmail, Round1B&#xA;Method processInput &#xA;input file C-large-practice.in" executed="True" result="Success" success="True" time="2.765" asserts="4">
                    <reason>
                      <message><![CDATA[Warning: Test changed the CurrentDirectory]]></message>
                    </reason>
                  </test-case>
                </results>
              </test-suite>
            </results>
          </test-suite>
        </results>
      </test-suite>
    </results>
  </test-suite>
</test-results>