<?xml version="1.0" encoding="utf-8" standalone="no"?>
<!--This file represents the results of running a test suite-->
<test-results name="go.exe" total="3" failures="1" not-run="0" date="2014-05-12" time="11:45:30">
  <environment nunit-version="2.4.8.0" clr-version="4.0.30319.1" os-version="Unix 3.13.10.200" platform="Unix" cwd="/home/ent/mono/CodeJam/2013/Solution" machine-name="b016763" user="ent" user-domain="b016763" />
  <culture-info current-culture="fr-FR" current-uiculture="fr-FR" />
  <test-suite name="go.exe" success="False" time="0.064" asserts="0">
    <results>
      <test-suite name="UnitTest" success="False" time="0.060" asserts="0">
        <results>
          <test-suite name="TestGeom" success="False" time="0.031" asserts="0">
            <results>
              <test-case name="UnitTest.TestGeom.TestConvexHull" executed="True" success="True" time="0.018" asserts="7">
                <categories>
                  <category name="current" />
                </categories>
              </test-case>
              <test-case name="UnitTest.TestGeom.TestConvexHull2" executed="True" success="True" time="0.000" asserts="8">
                <categories>
                  <category name="current" />
                </categories>
              </test-case>
              <test-case name="UnitTest.TestGeom.TestConvexHull3" executed="True" success="False" time="0.007" asserts="20">
                <categories>
                  <category name="current" />
                </categories>
                <failure>
                  <message><![CDATA[  (1, 3) (1, 1) (1, 2) not counter clockwise
  Expected: True
  But was:  False
]]></message>
                  <stack-trace><![CDATA[at UnitTest.TestGeom.testConvexHull (Boolean shouldIncludeLinearPoints, IList`1 pointsOrig, IList`1 hull) [0x00175] in /home/ent/mono/CodeJam/2013/Solution/UnitTest/TestGeom.cs:193
at UnitTest.TestGeom.TestConvexHull3 () [0x00083] in /home/ent/mono/CodeJam/2013/Solution/UnitTest/TestGeom.cs:111
at (wrapper managed-to-native) System.Reflection.MonoMethod:InternalInvoke (System.Reflection.MonoMethod,object,object[],System.Exception&)
at System.Reflection.MonoMethod.Invoke (System.Object obj, BindingFlags invokeAttr, System.Reflection.Binder binder, System.Object[] parameters, System.Globalization.CultureInfo culture) [0x000d5] in /builddir/build/BUILD/mono-2.10.8/mcs/class/corlib/System.Reflection/MonoMethod.cs:226
]]></stack-trace>
                </failure>
              </test-case>
            </results>
          </test-suite>
        </results>
      </test-suite>
    </results>
  </test-suite>
</test-results>