<testData>

<test name="">

</test>

<test name="testBaseCase">
2 2 1
..
##

</test>

<test name="testMultistep">
5 8 3 
........
########
...#.###
####..##
###.##..

</test>

public void () {
		String testCase = 


</testData>