<testData>

<test name="">

</test>

<test name="s1">


3
20 10 2
20 20 2
40 10 3
</test>
<test name="s2">

3
20 10 3
30 10 3
40 10 3
</test>

<test name="s3">


5
100 100 1
140 100 1
100 130 1
100 500 1
150 500 1
</test>

<test name="s4">

8
100 100 1
110 100 1
100 110 1
110 110 1
200 200 1
210 200 1
200 210 1
210 210 1
</test>

<test name="s5">
4
100 100 1
200 100 1
200 103 1
300 103 1

</test>

</testData>