<testData>

<test name="">

</test>

<test name="onpaper">
4 1
3
1
3
2
</test>

<test name="sample1">
3 4
1 2 3 4
2 3 4 6
6 5 4 3
</test>

<test name="sample2">
3 3
5 5 5
4 4 6
4 5 4
</test>

<test name="sample3">
5 2
1 1
2 2
5 4
4 4
4 1
</test>

<test name="small14">
16 9
391 375 436 400 429 430 403 357 347
208 224 231 211 183 188 207 230 216
220 207 171 151 130 96 76 57 58
843 837 850 862 854 859 863 848 859
707 735 677 645 599 555 480 566 615
969 992 981 976 981 968 991 984 984
945 898 938 954 1027 1051 1137 1071 1037
835 814 806 831 826 806 790 771 748
798 881 897 851 823 890 831 758 814
971 979 1035 1027 1060 979 972 994 1044
895 812 822 750 718 798 867 784 754
938 896 882 861 846 819 793 790 753
965 957 1018 935 885 972 1017 1058 1106
78 21 61 46 96 100 48 101 75
354 392 382 426 425 446 411 377 415
669 636 662 603 577 661 648 652 701
</test>
</testData>